{"name":"expense-tracker v1.0","hostname":"DESKTOP-MV9F3HU","pid":16348,"level":30,"msg":"hello i m info","time":"2023-08-18T19:23:49.237Z","v":0}
{"name":"expense-tracker v1.0","hostname":"DESKTOP-MV9F3HU","pid":16348,"level":30,"msg":"hello i m info","time":"2023-08-18T19:23:57.866Z","v":0}
{"name":"expense-tracker v1.0","hostname":"DESKTOP-MV9F3HU","pid":29376,"level":30,"msg":"server running on port http://localhost:3000","time":"2023-08-18T19:53:18.826Z","v":0}
{"name":"expense-tracker v1.0","hostname":"DESKTOP-MV9F3HU","pid":15072,"level":30,"msg":"server running on port http://localhost:300","time":"2023-08-19T05:24:28.915Z","v":0}
{"name":"expense-tracker v1.0","hostname":"DESKTOP-MV9F3HU","pid":24104,"level":30,"msg":"server running on port http://localhost:300","time":"2023-08-19T05:31:22.182Z","v":0}
{"name":"expense-tracker v1.0","hostname":"DESKTOP-MV9F3HU","pid":5416,"level":30,"msg":"server running on port http://localhost:300","time":"2023-08-19T08:25:10.620Z","v":0}
{"name":"expense-tracker v1.0","hostname":"DESKTOP-MV9F3HU","pid":24356,"level":30,"msg":"server running on port http://localhost:300","time":"2023-08-19T08:28:03.487Z","v":0}
{"name":"expense-tracker v1.0","hostname":"DESKTOP-MV9F3HU","pid":15124,"level":30,"msg":"server running on port http://localhost:300","time":"2023-08-19T08:37:47.684Z","v":0}
{"name":"expense-tracker v1.0","hostname":"DESKTOP-MV9F3HU","pid":1300,"level":30,"msg":"server running on port http://localhost:300","time":"2023-08-19T08:40:45.938Z","v":0}
{"name":"expense-tracker v1.0","hostname":"DESKTOP-MV9F3HU","pid":15588,"level":30,"msg":"server running on port http://localhost:300","time":"2023-08-19T08:41:04.422Z","v":0}
{"name":"expense-tracker v1.0","hostname":"DESKTOP-MV9F3HU","pid":22888,"level":30,"msg":"server running on port http://localhost:3000","time":"2023-08-19T11:07:18.889Z","v":0}
{"name":"expense-tracker v1.0","hostname":"DESKTOP-MV9F3HU","pid":8748,"level":30,"msg":"server running on port http://localhost:3000","time":"2023-08-19T13:39:05.757Z","v":0}
{"name":"expense-tracker v1.0","hostname":"DESKTOP-MV9F3HU","pid":11464,"level":30,"msg":"server running on port http://localhost:3000","time":"2023-08-30T08:44:47.538Z","v":0}
{"name":"expense-tracker v1.0","hostname":"DESKTOP-MV9F3HU","pid":13772,"level":30,"msg":"server running on port http://localhost:3000","time":"2023-08-30T08:45:58.536Z","v":0}
{"name":"expense-tracker v1.0","hostname":"DESKTOP-MV9F3HU","pid":18080,"level":30,"msg":"server running on port http://localhost:3000","time":"2023-08-30T08:48:12.450Z","v":0}
{"name":"expense-tracker v1.0","hostname":"DESKTOP-MV9F3HU","pid":24168,"level":30,"msg":"server running on port http://localhost:3000","time":"2023-09-02T07:13:47.808Z","v":0}
{"name":"expense-tracker v1.0","hostname":"DESKTOP-MV9F3HU","pid":28212,"level":30,"msg":"server running on port http://localhost:3000","time":"2023-09-02T07:14:42.722Z","v":0}
{"name":"expense-tracker v1.0","hostname":"DESKTOP-MV9F3HU","pid":1864,"level":30,"msg":"server running on port http://localhost:3000","time":"2023-09-08T07:30:06.815Z","v":0}
{"name":"expense-tracker v1.0","hostname":"DESKTOP-MV9F3HU","pid":17536,"level":30,"msg":"server running on port http://localhost:3000","time":"2023-09-08T07:36:15.720Z","v":0}
{"name":"expense-tracker v1.0","hostname":"DESKTOP-MV9F3HU","pid":3152,"level":30,"msg":"server running on port http://localhost:3000","time":"2023-09-08T07:45:06.283Z","v":0}
{"name":"expense-tracker v1.0","hostname":"DESKTOP-MV9F3HU","pid":12408,"level":30,"msg":"server running on port http://localhost:3000","time":"2023-09-08T07:51:32.730Z","v":0}
{"name":"expense-tracker v1.0","hostname":"DESKTOP-MV9F3HU","pid":17552,"level":30,"msg":"server running on port http://localhost:3000","time":"2023-09-08T07:52:20.945Z","v":0}
{"name":"expense-tracker v1.0","hostname":"DESKTOP-MV9F3HU","pid":11912,"level":30,"msg":"server running on port http://localhost:3000","time":"2023-09-08T08:00:26.584Z","v":0}
{"name":"expense-tracker v1.0","hostname":"DESKTOP-MV9F3HU","pid":12484,"level":30,"msg":"server running on port http://localhost:3000","time":"2023-09-08T08:00:42.453Z","v":0}
{"name":"expense-tracker v1.0","hostname":"DESKTOP-MV9F3HU","pid":12484,"level":30,"msg":"Email sent: 250 Message queued as <e52e458d-5fba-9829-fdb0-9eee48cd2c25@gmail.com>","time":"2023-09-08T08:15:39.164Z","v":0}
{"name":"expense-tracker v1.0","hostname":"DESKTOP-MV9F3HU","pid":18932,"level":30,"msg":"server running on port http://localhost:3000","time":"2023-09-19T12:14:45.598Z","v":0}
{"name":"expense-tracker v1.0","hostname":"DESKTOP-MV9F3HU","pid":27352,"level":30,"msg":"server running on port http://localhost:3000","time":"2023-09-19T12:30:52.999Z","v":0}
{"name":"expense-tracker v1.0","hostname":"DESKTOP-MV9F3HU","pid":12996,"level":30,"msg":"server running on port http://localhost:3000","time":"2023-10-09T09:33:56.282Z","v":0}
{"name":"expense-tracker v1.0","hostname":"DESKTOP-MV9F3HU","pid":1932,"level":30,"msg":"server running on port http://localhost:3000","time":"2023-10-09T09:36:27.178Z","v":0}
{"name":"expense-tracker v1.0","hostname":"DESKTOP-MV9F3HU","pid":10380,"level":30,"msg":"server running on port http://localhost:3000","time":"2023-10-09T09:40:33.627Z","v":0}
{"name":"expense-tracker v1.0","hostname":"DESKTOP-MV9F3HU","pid":20572,"level":30,"msg":"server running on port http://localhost:3000","time":"2023-10-09T09:41:00.741Z","v":0}
{"name":"expense-tracker v1.0","hostname":"DESKTOP-MV9F3HU","pid":13328,"level":30,"msg":"server running on port http://localhost:3000","time":"2023-10-09T09:41:05.027Z","v":0}
{"name":"expense-tracker v1.0","hostname":"DESKTOP-MV9F3HU","pid":15052,"level":30,"msg":"server running on port http://localhost:3000","time":"2023-10-09T09:42:01.406Z","v":0}
{"name":"expense-tracker v1.0","hostname":"DESKTOP-MV9F3HU","pid":15604,"level":30,"msg":"server running on port http://localhost:3000","time":"2023-10-09T09:42:04.776Z","v":0}
{"name":"expense-tracker v1.0","hostname":"DESKTOP-MV9F3HU","pid":16660,"level":30,"msg":"server running on port http://localhost:3000","time":"2023-10-09T09:42:56.358Z","v":0}
{"name":"expense-tracker v1.0","hostname":"DESKTOP-MV9F3HU","pid":21604,"level":30,"msg":"server running on port http://localhost:3000","time":"2023-10-10T12:52:55.011Z","v":0}
{"name":"expense-tracker v1.0","hostname":"DESKTOP-MV9F3HU","pid":20816,"level":30,"msg":"server running on port http://localhost:3000","time":"2023-10-15T09:33:53.690Z","v":0}
{"name":"expense-tracker v1.0","hostname":"DESKTOP-MV9F3HU","pid":20816,"level":50,"err":{"message":"Cannot read properties of undefined (reading 'dataValues')","name":"TypeError","stack":"TypeError: Cannot read properties of undefined (reading 'dataValues')\n    at exports.newPassGet (C:\\Users\\DevEnv\\Desktop\\web_development\\Projects\\expenceTrackerApp\\expenceTrackerAppBE\\controller\\newPassController.js:14:34)\n    at process.processTicksAndRejections (node:internal/process/task_queues:95:5)"},"msg":"Cannot read properties of undefined (reading 'dataValues')","time":"2023-10-15T12:49:39.131Z","v":0}
{"name":"expense-tracker v1.0","hostname":"DESKTOP-MV9F3HU","pid":2960,"level":30,"msg":"server running on port http://localhost:3000","time":"2023-10-15T18:40:06.321Z","v":0}
{"name":"expense-tracker v1.0","hostname":"DESKTOP-MV9F3HU","pid":2960,"level":30,"msg":"Email sent: 250 Message queued as <97df5453-aa5a-faf7-fe83-2120189918b0@gmail.com>","time":"2023-10-15T18:41:11.270Z","v":0}
{"name":"expense-tracker v1.0","hostname":"DESKTOP-MV9F3HU","pid":19004,"level":30,"msg":"server running on port http://localhost:3000","time":"2023-10-15T18:42:53.126Z","v":0}
{"name":"expense-tracker v1.0","hostname":"DESKTOP-MV9F3HU","pid":19004,"level":30,"msg":"Email sent: 250 Message queued as <bdd9c5fd-3512-6cdb-fa73-b327e69fe900@gmail.com>","time":"2023-10-15T18:43:15.708Z","v":0}
{"name":"expense-tracker v1.0","hostname":"DESKTOP-MV9F3HU","pid":19004,"level":50,"err":{"message":"Missing credentials in config, if using AWS_CONFIG_FILE, set AWS_SDK_LOAD_CONFIG=1","name":"CredentialsError","stack":"CredentialsError: Missing credentials in config, if using AWS_CONFIG_FILE, set AWS_SDK_LOAD_CONFIG=1\n    at Timeout.connectTimeout [as _onTimeout] (C:\\Users\\DevEnv\\Desktop\\web_development\\Projects\\expenceTrackerApp\\expenceTrackerAppBE\\node_modules\\aws-sdk\\lib\\http\\node.js:70:15)\n    at listOnTimeout (node:internal/timers:569:17)\n    at process.processTimers (node:internal/timers:512:7)","code":"CredentialsError"},"msg":"Missing credentials in config, if using AWS_CONFIG_FILE, set AWS_SDK_LOAD_CONFIG=1","time":"2023-10-15T18:45:58.663Z","v":0}
{"name":"expense-tracker v1.0","hostname":"DESKTOP-MV9F3HU","pid":19004,"level":50,"err":{"message":"Missing credentials in config, if using AWS_CONFIG_FILE, set AWS_SDK_LOAD_CONFIG=1","name":"CredentialsError","stack":"CredentialsError: Missing credentials in config, if using AWS_CONFIG_FILE, set AWS_SDK_LOAD_CONFIG=1\n    at Timeout.connectTimeout [as _onTimeout] (C:\\Users\\DevEnv\\Desktop\\web_development\\Projects\\expenceTrackerApp\\expenceTrackerAppBE\\node_modules\\aws-sdk\\lib\\http\\node.js:70:15)\n    at listOnTimeout (node:internal/timers:569:17)\n    at process.processTimers (node:internal/timers:512:7)","code":"CredentialsError"},"msg":"Missing credentials in config, if using AWS_CONFIG_FILE, set AWS_SDK_LOAD_CONFIG=1","time":"2023-10-15T18:47:27.132Z","v":0}
{"name":"expense-tracker v1.0","hostname":"DESKTOP-MV9F3HU","pid":19004,"level":50,"err":{"message":"Missing credentials in config, if using AWS_CONFIG_FILE, set AWS_SDK_LOAD_CONFIG=1","name":"CredentialsError","stack":"CredentialsError: Missing credentials in config, if using AWS_CONFIG_FILE, set AWS_SDK_LOAD_CONFIG=1\n    at Timeout.connectTimeout [as _onTimeout] (C:\\Users\\DevEnv\\Desktop\\web_development\\Projects\\expenceTrackerApp\\expenceTrackerAppBE\\node_modules\\aws-sdk\\lib\\http\\node.js:70:15)\n    at listOnTimeout (node:internal/timers:569:17)\n    at process.processTimers (node:internal/timers:512:7)","code":"CredentialsError"},"msg":"Missing credentials in config, if using AWS_CONFIG_FILE, set AWS_SDK_LOAD_CONFIG=1","time":"2023-10-15T19:18:10.547Z","v":0}
{"name":"expense-tracker v1.0","hostname":"DESKTOP-MV9F3HU","pid":19004,"level":50,"err":{"message":"Missing credentials in config, if using AWS_CONFIG_FILE, set AWS_SDK_LOAD_CONFIG=1","name":"CredentialsError","stack":"CredentialsError: Missing credentials in config, if using AWS_CONFIG_FILE, set AWS_SDK_LOAD_CONFIG=1\n    at Timeout.connectTimeout [as _onTimeout] (C:\\Users\\DevEnv\\Desktop\\web_development\\Projects\\expenceTrackerApp\\expenceTrackerAppBE\\node_modules\\aws-sdk\\lib\\http\\node.js:70:15)\n    at listOnTimeout (node:internal/timers:569:17)\n    at process.processTimers (node:internal/timers:512:7)","code":"CredentialsError"},"msg":"Missing credentials in config, if using AWS_CONFIG_FILE, set AWS_SDK_LOAD_CONFIG=1","time":"2023-10-15T19:19:43.701Z","v":0}
{"name":"expense-tracker v1.0","hostname":"DESKTOP-MV9F3HU","pid":16400,"level":30,"msg":"server running on port http://localhost:3000","time":"2023-10-15T19:20:55.381Z","v":0}
{"name":"expense-tracker v1.0","hostname":"DESKTOP-MV9F3HU","pid":7884,"level":30,"msg":"server running on port http://localhost:3000","time":"2023-10-15T19:22:42.475Z","v":0}
{"name":"expense-tracker v1.0","hostname":"DESKTOP-MV9F3HU","pid":19204,"level":30,"msg":"server running on port http://localhost:3000","time":"2023-10-15T19:23:11.589Z","v":0}
{"name":"expense-tracker v1.0","hostname":"DESKTOP-MV9F3HU","pid":12864,"level":30,"msg":"server running on port http://localhost:3000","time":"2023-10-15T19:33:06.203Z","v":0}
{"name":"expense-tracker v1.0","hostname":"DESKTOP-MV9F3HU","pid":15448,"level":30,"msg":"server running on port http://localhost:3000","time":"2023-10-15T19:50:03.290Z","v":0}
{"name":"expense-tracker v1.0","hostname":"DESKTOP-MV9F3HU","pid":20168,"level":30,"msg":"server running on port http://localhost:3000","time":"2023-10-15T19:52:28.237Z","v":0}
{"name":"expense-tracker v1.0","hostname":"DESKTOP-MV9F3HU","pid":7620,"level":30,"msg":"server running on port http://localhost:3000","time":"2023-10-15T19:53:59.873Z","v":0}
{"name":"expense-tracker v1.0","hostname":"DESKTOP-MV9F3HU","pid":19800,"level":30,"msg":"server running on port http://localhost:3000","time":"2023-10-15T19:57:28.055Z","v":0}
{"name":"expense-tracker v1.0","hostname":"DESKTOP-MV9F3HU","pid":9784,"level":30,"msg":"server running on port http://localhost:3000","time":"2023-10-16T05:44:47.507Z","v":0}
{"name":"expense-tracker v1.0","hostname":"DESKTOP-MV9F3HU","pid":22532,"level":30,"msg":"server running on port http://localhost:3000","time":"2023-10-16T05:46:19.026Z","v":0}
{"name":"expense-tracker v1.0","hostname":"DESKTOP-MV9F3HU","pid":23332,"level":30,"msg":"server running on port http://localhost:3000","time":"2023-10-16T05:46:52.048Z","v":0}
{"name":"expense-tracker v1.0","hostname":"DESKTOP-MV9F3HU","pid":24260,"level":30,"msg":"server running on port http://localhost:3000","time":"2023-10-16T05:49:12.867Z","v":0}
{"name":"expense-tracker v1.0","hostname":"DESKTOP-MV9F3HU","pid":2804,"level":30,"msg":"server running on port http://localhost:3000","time":"2023-10-16T10:24:18.506Z","v":0}
{"name":"expense-tracker v1.0","hostname":"DESKTOP-MV9F3HU","pid":13760,"level":30,"msg":"server running on port http://localhost:3000","time":"2023-10-16T10:25:40.339Z","v":0}
{"name":"expense-tracker v1.0","hostname":"DESKTOP-MV9F3HU","pid":23984,"level":30,"msg":"server running on port http://localhost:3000","time":"2023-10-16T10:25:51.749Z","v":0}
{"name":"expense-tracker v1.0","hostname":"DESKTOP-MV9F3HU","pid":11448,"level":30,"msg":"server running on port http://localhost:3000","time":"2023-10-16T10:26:40.830Z","v":0}
{"name":"expense-tracker v1.0","hostname":"DESKTOP-MV9F3HU","pid":7620,"level":30,"msg":"server running on port http://localhost:3000","time":"2023-10-16T10:27:37.014Z","v":0}
{"name":"expense-tracker v1.0","hostname":"DESKTOP-MV9F3HU","pid":22268,"level":30,"msg":"server running on port http://localhost:3000","time":"2023-10-16T10:28:03.035Z","v":0}
{"name":"expense-tracker v1.0","hostname":"DESKTOP-MV9F3HU","pid":18480,"level":30,"msg":"server running on port http://localhost:3000","time":"2023-10-16T10:37:34.482Z","v":0}
{"name":"expense-tracker v1.0","hostname":"DESKTOP-MV9F3HU","pid":1704,"level":30,"msg":"server running on port http://localhost:3000","time":"2023-10-16T10:37:49.399Z","v":0}
{"name":"expense-tracker v1.0","hostname":"DESKTOP-MV9F3HU","pid":12120,"level":30,"msg":"server running on port http://localhost:3000","time":"2023-10-16T10:38:30.375Z","v":0}
{"name":"expense-tracker v1.0","hostname":"DESKTOP-MV9F3HU","pid":20652,"level":30,"msg":"server running on port http://localhost:3000","time":"2023-10-16T12:37:17.642Z","v":0}
{"name":"expense-tracker v1.0","hostname":"DESKTOP-MV9F3HU","pid":23036,"level":30,"msg":"server running on port http://localhost:3000","time":"2023-10-16T12:37:28.258Z","v":0}
{"name":"expense-tracker v1.0","hostname":"DESKTOP-MV9F3HU","pid":1948,"level":30,"msg":"server running on port http://localhost:3000","time":"2023-10-16T12:38:18.274Z","v":0}
{"name":"expense-tracker v1.0","hostname":"DESKTOP-MV9F3HU","pid":10400,"level":30,"msg":"server running on port http://localhost:3000","time":"2023-10-16T12:38:39.197Z","v":0}
{"name":"expense-tracker v1.0","hostname":"DESKTOP-MV9F3HU","pid":13588,"level":30,"msg":"server running on port http://localhost:3000","time":"2023-10-16T12:39:03.175Z","v":0}
{"name":"expense-tracker v1.0","hostname":"DESKTOP-MV9F3HU","pid":14292,"level":30,"msg":"server running on port http://localhost:3000","time":"2023-10-16T12:40:10.571Z","v":0}
{"name":"expense-tracker v1.0","hostname":"DESKTOP-MV9F3HU","pid":1856,"level":30,"msg":"server running on port http://localhost:3000","time":"2023-10-16T12:51:06.654Z","v":0}
{"name":"expense-tracker v1.0","hostname":"DESKTOP-MV9F3HU","pid":18852,"level":30,"msg":"server running on port http://localhost:3000","time":"2023-10-16T12:51:14.479Z","v":0}
{"name":"expense-tracker v1.0","hostname":"DESKTOP-MV9F3HU","pid":21960,"level":30,"msg":"server running on port http://localhost:3000","time":"2023-10-16T12:51:30.051Z","v":0}
{"name":"expense-tracker v1.0","hostname":"DESKTOP-MV9F3HU","pid":21664,"level":30,"msg":"server running on port http://localhost:3000","time":"2023-10-16T12:51:49.734Z","v":0}
{"name":"expense-tracker v1.0","hostname":"DESKTOP-MV9F3HU","pid":21388,"level":30,"msg":"server running on port http://localhost:3000","time":"2023-10-16T12:52:01.786Z","v":0}
{"name":"expense-tracker v1.0","hostname":"DESKTOP-MV9F3HU","pid":22660,"level":30,"msg":"server running on port http://localhost:3000","time":"2023-10-16T12:56:08.916Z","v":0}
{"name":"expense-tracker v1.0","hostname":"DESKTOP-MV9F3HU","pid":8584,"level":30,"msg":"server running on port http://localhost:3000","time":"2023-10-16T13:04:24.584Z","v":0}
{"name":"expense-tracker v1.0","hostname":"DESKTOP-MV9F3HU","pid":11232,"level":30,"msg":"server running on port http://localhost:3000","time":"2023-10-16T13:05:41.524Z","v":0}
{"name":"expense-tracker v1.0","hostname":"DESKTOP-MV9F3HU","pid":18664,"level":30,"msg":"server running on port http://localhost:3000","time":"2023-10-16T13:06:01.200Z","v":0}
{"name":"expense-tracker v1.0","hostname":"DESKTOP-MV9F3HU","pid":1444,"level":30,"msg":"server running on port http://localhost:3000","time":"2023-10-16T13:06:33.140Z","v":0}
{"name":"expense-tracker v1.0","hostname":"DESKTOP-MV9F3HU","pid":8552,"level":30,"msg":"server running on port http://localhost:3000","time":"2023-10-16T13:08:10.094Z","v":0}
{"name":"expense-tracker v1.0","hostname":"DESKTOP-MV9F3HU","pid":9508,"level":30,"msg":"server running on port http://localhost:3000","time":"2023-10-16T13:08:54.177Z","v":0}
{"name":"expense-tracker v1.0","hostname":"DESKTOP-MV9F3HU","pid":668,"level":30,"msg":"server running on port http://localhost:3000","time":"2023-10-16T13:09:51.569Z","v":0}
{"name":"expense-tracker v1.0","hostname":"DESKTOP-MV9F3HU","pid":19336,"level":30,"msg":"server running on port http://localhost:3000","time":"2023-10-16T13:10:16.893Z","v":0}
{"name":"expense-tracker v1.0","hostname":"DESKTOP-MV9F3HU","pid":7940,"level":30,"msg":"server running on port http://localhost:3000","time":"2023-10-16T13:10:35.827Z","v":0}
{"name":"expense-tracker v1.0","hostname":"DESKTOP-MV9F3HU","pid":19872,"level":30,"msg":"server running on port http://localhost:3000","time":"2023-10-16T13:13:24.950Z","v":0}
{"name":"expense-tracker v1.0","hostname":"DESKTOP-MV9F3HU","pid":8888,"level":30,"msg":"server running on port http://localhost:3000","time":"2023-10-16T13:13:59.354Z","v":0}
{"name":"expense-tracker v1.0","hostname":"DESKTOP-MV9F3HU","pid":2960,"level":30,"msg":"server running on port http://localhost:3000","time":"2023-10-16T13:16:08.683Z","v":0}
{"name":"expense-tracker v1.0","hostname":"DESKTOP-MV9F3HU","pid":6992,"level":30,"msg":"server running on port http://localhost:3000","time":"2023-10-16T13:17:26.129Z","v":0}
{"name":"expense-tracker v1.0","hostname":"DESKTOP-MV9F3HU","pid":20796,"level":30,"msg":"server running on port http://localhost:3000","time":"2023-10-16T13:18:43.382Z","v":0}
{"name":"expense-tracker v1.0","hostname":"DESKTOP-MV9F3HU","pid":23336,"level":30,"msg":"server running on port http://localhost:3000","time":"2023-10-16T13:19:35.519Z","v":0}
{"name":"expense-tracker v1.0","hostname":"DESKTOP-MV9F3HU","pid":3336,"level":30,"msg":"server running on port http://localhost:3000","time":"2023-10-16T13:20:50.460Z","v":0}
{"name":"expense-tracker v1.0","hostname":"DESKTOP-MV9F3HU","pid":18932,"level":30,"msg":"server running on port http://localhost:3000","time":"2023-10-16T13:21:27.637Z","v":0}
{"name":"expense-tracker v1.0","hostname":"DESKTOP-MV9F3HU","pid":1260,"level":30,"msg":"server running on port http://localhost:3000","time":"2023-10-16T13:25:53.021Z","v":0}
{"name":"expense-tracker v1.0","hostname":"DESKTOP-MV9F3HU","pid":4760,"level":30,"msg":"server running on port http://localhost:3000","time":"2023-10-16T13:27:57.017Z","v":0}
{"name":"expense-tracker v1.0","hostname":"DESKTOP-MV9F3HU","pid":7016,"level":30,"msg":"server running on port http://localhost:3000","time":"2023-10-16T13:29:24.022Z","v":0}
{"name":"expense-tracker v1.0","hostname":"DESKTOP-MV9F3HU","pid":15700,"level":30,"msg":"server running on port http://localhost:3000","time":"2023-10-16T13:30:52.136Z","v":0}
{"name":"expense-tracker v1.0","hostname":"DESKTOP-MV9F3HU","pid":20608,"level":30,"msg":"server running on port http://localhost:3000","time":"2023-10-16T13:31:00.611Z","v":0}
{"name":"expense-tracker v1.0","hostname":"DESKTOP-MV9F3HU","pid":24020,"level":30,"msg":"server running on port http://localhost:3000","time":"2023-10-16T13:36:54.090Z","v":0}
{"name":"expense-tracker v1.0","hostname":"DESKTOP-MV9F3HU","pid":15612,"level":30,"msg":"server running on port http://localhost:3000","time":"2023-10-16T13:39:23.517Z","v":0}
{"name":"expense-tracker v1.0","hostname":"DESKTOP-MV9F3HU","pid":17900,"level":30,"msg":"server running on port http://localhost:3000","time":"2023-10-16T13:39:32.015Z","v":0}
{"name":"expense-tracker v1.0","hostname":"DESKTOP-MV9F3HU","pid":2784,"level":30,"msg":"server running on port http://localhost:3000","time":"2023-10-16T15:11:12.719Z","v":0}
{"name":"expense-tracker v1.0","hostname":"DESKTOP-MV9F3HU","pid":9548,"level":30,"msg":"server running on port http://localhost:3000","time":"2023-10-17T07:32:42.962Z","v":0}
{"name":"expense-tracker v1.0","hostname":"DESKTOP-MV9F3HU","pid":2396,"level":30,"msg":"server running on port http://localhost:3000","time":"2023-10-17T09:56:43.963Z","v":0}
{"name":"expense-tracker v1.0","hostname":"DESKTOP-MV9F3HU","pid":19916,"level":30,"msg":"server running on port http://localhost:3000","time":"2023-10-17T11:40:49.850Z","v":0}
{"name":"expense-tracker v1.0","hostname":"DESKTOP-MV9F3HU","pid":14500,"level":30,"msg":"server running on port http://localhost:3000","time":"2023-10-17T11:41:49.970Z","v":0}
{"name":"expense-tracker v1.0","hostname":"DESKTOP-MV9F3HU","pid":6748,"level":30,"msg":"server running on port http://localhost:3000","time":"2023-10-17T13:46:27.752Z","v":0}
{"name":"expense-tracker v1.0","hostname":"DESKTOP-MV9F3HU","pid":10148,"level":30,"msg":"server running on port http://localhost:3000","time":"2023-10-17T13:53:00.958Z","v":0}
{"name":"expense-tracker v1.0","hostname":"DESKTOP-MV9F3HU","pid":20432,"level":30,"msg":"server running on port http://localhost:3000","time":"2023-10-17T13:53:36.084Z","v":0}
{"name":"expense-tracker v1.0","hostname":"DESKTOP-MV9F3HU","pid":6240,"level":30,"msg":"server running on port http://localhost:3000","time":"2023-10-18T11:51:49.329Z","v":0}
